<?xml version="1.0" encoding="UTF-8"?>
<testsuite xmlns:xsi="http://www.w3.org/2001/XMLSchema-instance" xsi:noNamespaceSchemaLocation="https://maven.apache.org/surefire/maven-surefire-plugin/xsd/surefire-test-report-3.0.xsd" version="3.0" name="co.unicauca.gestiontrabajogrado.domain.service.ProyectoGradoServiceTest" time="1.998" tests="49" errors="0" skipped="0" failures="0">
  <properties>
    <property name="java.specification.version" value="22"/>
    <property name="sun.cpu.isalist" value="amd64"/>
    <property name="sun.jnu.encoding" value="Cp1252"/>
    <property name="java.class.path" value="C:\Users\YEIMY\Documents\NetBeansProjects\GesTrbajodeGrado\GesTrabajoGrado\target\test-classes;C:\Users\YEIMY\Documents\NetBeansProjects\GesTrbajodeGrado\GesTrabajoGrado\target\classes;C:\Users\YEIMY\.m2\repository\org\junit\jupiter\junit-jupiter\5.10.3\junit-jupiter-5.10.3.jar;C:\Users\YEIMY\.m2\repository\org\junit\jupiter\junit-jupiter-api\5.10.3\junit-jupiter-api-5.10.3.jar;C:\Users\YEIMY\.m2\repository\org\opentest4j\opentest4j\1.3.0\opentest4j-1.3.0.jar;C:\Users\YEIMY\.m2\repository\org\junit\platform\junit-platform-commons\1.10.3\junit-platform-commons-1.10.3.jar;C:\Users\YEIMY\.m2\repository\org\apiguardian\apiguardian-api\1.1.2\apiguardian-api-1.1.2.jar;C:\Users\YEIMY\.m2\repository\org\junit\jupiter\junit-jupiter-params\5.10.3\junit-jupiter-params-5.10.3.jar;C:\Users\YEIMY\.m2\repository\org\junit\jupiter\junit-jupiter-engine\5.10.3\junit-jupiter-engine-5.10.3.jar;C:\Users\YEIMY\.m2\repository\org\junit\platform\junit-platform-engine\1.10.3\junit-platform-engine-1.10.3.jar;C:\Users\YEIMY\.m2\repository\org\mockito\mockito-core\5.19.0\mockito-core-5.19.0.jar;C:\Users\YEIMY\.m2\repository\net\bytebuddy\byte-buddy\1.17.6\byte-buddy-1.17.6.jar;C:\Users\YEIMY\.m2\repository\net\bytebuddy\byte-buddy-agent\1.17.6\byte-buddy-agent-1.17.6.jar;C:\Users\YEIMY\.m2\repository\org\objenesis\objenesis\3.3\objenesis-3.3.jar;C:\Users\YEIMY\.m2\repository\org\mockito\mockito-junit-jupiter\5.19.0\mockito-junit-jupiter-5.19.0.jar;C:\Users\YEIMY\.m2\repository\org\xerial\sqlite-jdbc\3.45.1.0\sqlite-jdbc-3.45.1.0.jar;C:\Users\YEIMY\.m2\repository\org\slf4j\slf4j-api\1.7.36\slf4j-api-1.7.36.jar;C:\Users\YEIMY\.m2\repository\org\netbeans\external\AbsoluteLayout\RELEASE113\AbsoluteLayout-RELEASE113.jar;C:\Users\YEIMY\.m2\repository\com\formdev\flatlaf\3.6\flatlaf-3.6.jar;C:\Users\YEIMY\.m2\repository\com\formdev\flatlaf-intellij-themes\3.6\flatlaf-intellij-themes-3.6.jar;C:\Users\YEIMY\.m2\repository\org\mindrot\jbcrypt\0.4\jbcrypt-0.4.jar;"/>
    <property name="java.vm.vendor" value="Oracle Corporation"/>
    <property name="sun.arch.data.model" value="64"/>
    <property name="user.variant" value=""/>
    <property name="java.vendor.url" value="https://java.oracle.com/"/>
    <property name="user.timezone" value="America/Bogota"/>
    <property name="os.name" value="Windows 11"/>
    <property name="java.vm.specification.version" value="22"/>
    <property name="user.country" value="CO"/>
    <property name="sun.java.launcher" value="SUN_STANDARD"/>
    <property name="sun.boot.library.path" value="C:\Program Files\Java\jdk-22\bin"/>
    <property name="sun.java.command" value="C:\Users\YEIMY\AppData\Local\Temp\surefire4125366402090586605\surefirebooter-20250928121155115_3.jar C:\Users\YEIMY\AppData\Local\Temp\surefire4125366402090586605 2025-09-28T12-11-54_833-jvmRun1 surefire-20250928121155115_1tmp surefire_0-20250928121155115_2tmp"/>
    <property name="jdk.debug" value="release"/>
    <property name="test" value="co.unicauca.gestiontrabajogrado.domain.service.ProyectoGradoServiceTest"/>
    <property name="surefire.test.class.path" value="C:\Users\YEIMY\Documents\NetBeansProjects\GesTrbajodeGrado\GesTrabajoGrado\target\test-classes;C:\Users\YEIMY\Documents\NetBeansProjects\GesTrbajodeGrado\GesTrabajoGrado\target\classes;C:\Users\YEIMY\.m2\repository\org\junit\jupiter\junit-jupiter\5.10.3\junit-jupiter-5.10.3.jar;C:\Users\YEIMY\.m2\repository\org\junit\jupiter\junit-jupiter-api\5.10.3\junit-jupiter-api-5.10.3.jar;C:\Users\YEIMY\.m2\repository\org\opentest4j\opentest4j\1.3.0\opentest4j-1.3.0.jar;C:\Users\YEIMY\.m2\repository\org\junit\platform\junit-platform-commons\1.10.3\junit-platform-commons-1.10.3.jar;C:\Users\YEIMY\.m2\repository\org\apiguardian\apiguardian-api\1.1.2\apiguardian-api-1.1.2.jar;C:\Users\YEIMY\.m2\repository\org\junit\jupiter\junit-jupiter-params\5.10.3\junit-jupiter-params-5.10.3.jar;C:\Users\YEIMY\.m2\repository\org\junit\jupiter\junit-jupiter-engine\5.10.3\junit-jupiter-engine-5.10.3.jar;C:\Users\YEIMY\.m2\repository\org\junit\platform\junit-platform-engine\1.10.3\junit-platform-engine-1.10.3.jar;C:\Users\YEIMY\.m2\repository\org\mockito\mockito-core\5.19.0\mockito-core-5.19.0.jar;C:\Users\YEIMY\.m2\repository\net\bytebuddy\byte-buddy\1.17.6\byte-buddy-1.17.6.jar;C:\Users\YEIMY\.m2\repository\net\bytebuddy\byte-buddy-agent\1.17.6\byte-buddy-agent-1.17.6.jar;C:\Users\YEIMY\.m2\repository\org\objenesis\objenesis\3.3\objenesis-3.3.jar;C:\Users\YEIMY\.m2\repository\org\mockito\mockito-junit-jupiter\5.19.0\mockito-junit-jupiter-5.19.0.jar;C:\Users\YEIMY\.m2\repository\org\xerial\sqlite-jdbc\3.45.1.0\sqlite-jdbc-3.45.1.0.jar;C:\Users\YEIMY\.m2\repository\org\slf4j\slf4j-api\1.7.36\slf4j-api-1.7.36.jar;C:\Users\YEIMY\.m2\repository\org\netbeans\external\AbsoluteLayout\RELEASE113\AbsoluteLayout-RELEASE113.jar;C:\Users\YEIMY\.m2\repository\com\formdev\flatlaf\3.6\flatlaf-3.6.jar;C:\Users\YEIMY\.m2\repository\com\formdev\flatlaf-intellij-themes\3.6\flatlaf-intellij-themes-3.6.jar;C:\Users\YEIMY\.m2\repository\org\mindrot\jbcrypt\0.4\jbcrypt-0.4.jar;"/>
    <property name="sun.cpu.endian" value="little"/>
    <property name="user.home" value="C:\Users\YEIMY"/>
    <property name="user.language" value="es"/>
    <property name="java.specification.vendor" value="Oracle Corporation"/>
    <property name="java.version.date" value="2024-03-19"/>
    <property name="java.home" value="C:\Program Files\Java\jdk-22"/>
    <property name="file.separator" value="\"/>
    <property name="basedir" value="C:\Users\YEIMY\Documents\NetBeansProjects\GesTrbajodeGrado\GesTrabajoGrado"/>
    <property name="java.vm.compressedOopsMode" value="32-bit"/>
    <property name="line.separator" value="&#10;"/>
    <property name="java.vm.specification.vendor" value="Oracle Corporation"/>
    <property name="java.specification.name" value="Java Platform API Specification"/>
    <property name="surefire.real.class.path" value="C:\Users\YEIMY\AppData\Local\Temp\surefire4125366402090586605\surefirebooter-20250928121155115_3.jar"/>
    <property name="user.script" value=""/>
    <property name="sun.management.compiler" value="HotSpot 64-Bit Tiered Compilers"/>
    <property name="java.runtime.version" value="22+36-2370"/>
    <property name="user.name" value="YEIMY"/>
    <property name="stdout.encoding" value="Cp1252"/>
    <property name="path.separator" value=";"/>
    <property name="os.version" value="10.0"/>
    <property name="java.runtime.name" value="Java(TM) SE Runtime Environment"/>
    <property name="file.encoding" value="UTF-8"/>
    <property name="java.vm.name" value="Java HotSpot(TM) 64-Bit Server VM"/>
    <property name="maven.ext.class.path" value="C:\Program Files\NetBeans-21\netbeans\java\maven-nblib\netbeans-eventspy.jar"/>
    <property name="localRepository" value="C:\Users\YEIMY\.m2\repository"/>
    <property name="java.vendor.url.bug" value="https://bugreport.java.com/bugreport/"/>
    <property name="java.io.tmpdir" value="C:\Users\YEIMY\AppData\Local\Temp\"/>
    <property name="java.version" value="22"/>
    <property name="user.dir" value="C:\Users\YEIMY\Documents\NetBeansProjects\GesTrbajodeGrado\GesTrabajoGrado"/>
    <property name="os.arch" value="amd64"/>
    <property name="java.vm.specification.name" value="Java Virtual Machine Specification"/>
    <property name="sun.os.patch.level" value=""/>
    <property name="native.encoding" value="Cp1252"/>
    <property name="java.library.path" value="C:\Program Files\Java\jdk-22\bin;C:\WINDOWS\Sun\Java\bin;C:\WINDOWS\system32;C:\WINDOWS;C:\app\YEIMY\product\21c\dbhomeXE\bin;C:\oraclexe\app\oracle\product\11.2.0\server\bin;C:\Program Files\Common Files\Oracle\Java\javapath;C:\Windows\system32;C:\Windows;C:\Windows\System32\Wbem;C:\Windows\System32\WindowsPowerShell\v1.0\;C:\Windows\System32\OpenSSH\;C:\Program Files\dotnet\;C:\Program Files\Microsoft SQL Server\130\Tools\Binn\;C:\WINDOWS\system32;C:\WINDOWS;C:\WINDOWS\System32\Wbem;C:\WINDOWS\System32\WindowsPowerShell\v1.0\;C:\WINDOWS\System32\OpenSSH\;C:\Program Files\Git\cmd;C:\Program Files\cdrtools;C:\Program Files\doxygen\bin;C:\apache-maven-3.9.11\apache-maven-3.9.11-bin\apache-maven-3.9.11\bin;C:\Program Files\Java\jdk1.8.0_111\bin;;C:\Program Files\Docker\Docker\resources\bin;C:\Users\YEIMY\AppData\Local\Microsoft\WindowsApps;C:\Users\YEIMY\.dotnet\tools;C:\Users\YEIMY\Descargas\jdk\jdk-17.0.12_windows-x64_bin\jdk-17.0.12\bin;C:\msys32\mingw32\bin;C:\msys32\usr\bin;C:\qemu;C:\bochs\bin;C:\cross-gcc\bin;C:\Program Files (x86)\cdrtools;C:\Program Files\doxygen;C:\Program Files\doxygen;C:\Users\YEIMY\AppData\Local\Programs\Microsoft VS Code\bin;."/>
    <property name="java.vm.info" value="mixed mode, sharing"/>
    <property name="stderr.encoding" value="Cp1252"/>
    <property name="java.vendor" value="Oracle Corporation"/>
    <property name="java.vm.version" value="22+36-2370"/>
    <property name="sun.io.unicode.encoding" value="UnicodeLittle"/>
    <property name="java.class.version" value="66.0"/>
  </properties>
  <testcase name="subirNuevaVersion_proyectoNoPuedeSubir_lanzaExcepcion" classname="co.unicauca.gestiontrabajogrado.domain.service.ProyectoGradoServiceTest" time="1.549">
    <system-err><![CDATA[Mockito is currently self-attaching to enable the inline-mock-maker. This will no longer work in future releases of the JDK. Please add Mockito as an agent to your build as described in Mockito's documentation: https://javadoc.io/doc/org.mockito/mockito-core/latest/org.mockito/org/mockito/Mockito.html#0.3
WARNING: A Java agent has been loaded dynamically (C:\Users\YEIMY\.m2\repository\net\bytebuddy\byte-buddy-agent\1.17.6\byte-buddy-agent-1.17.6.jar)
WARNING: If a serviceability tool is in use, please run with -XX:+EnableDynamicAgentLoading to hide this warning
WARNING: If a serviceability tool is not in use, please run with -Djdk.instrument.traceUsage for more information
WARNING: Dynamic loading of agents will be disallowed by default in a future release
]]></system-err>
  </testcase>
  <testcase name="subirNuevaVersion_practicaProfesional_cartaNoPdf_lanzaExcepcion" classname="co.unicauca.gestiontrabajogrado.domain.service.ProyectoGradoServiceTest" time="0.024"/>
  <testcase name="practicaProfesional_sinCarta_lanzaExcepcion" classname="co.unicauca.gestiontrabajogrado.domain.service.ProyectoGradoServiceTest" time="0.007"/>
  <testcase name="rechazarFormatoA_conObservacionesDetalladas_guardaCorrectamente" classname="co.unicauca.gestiontrabajogrado.domain.service.ProyectoGradoServiceTest" time="0.021"/>
  <testcase name="rechazarFormatoA_tercerIntento_rechazaDefinitivamente" classname="co.unicauca.gestiontrabajogrado.domain.service.ProyectoGradoServiceTest" time="0.007"/>
  <testcase name="subirNuevaVersion_proyectoNoExiste_lanzaExcepcion" classname="co.unicauca.gestiontrabajogrado.domain.service.ProyectoGradoServiceTest" time="0.006"/>
  <testcase name="aprobarFormato_investigacion_ok" classname="co.unicauca.gestiontrabajogrado.domain.service.ProyectoGradoServiceTest" time="0.024"/>
  <testcase name="crearNuevoProyecto_investigacionDosEstudiantes_ok" classname="co.unicauca.gestiontrabajogrado.domain.service.ProyectoGradoServiceTest" time="0.02"/>
  <testcase name="topeCincoDirecciones_falla" classname="co.unicauca.gestiontrabajogrado.domain.service.ProyectoGradoServiceTest" time="0.0"/>
  <testcase name="flujoCompletoCreacionYAprobacion_investigacion" classname="co.unicauca.gestiontrabajogrado.domain.service.ProyectoGradoServiceTest" time="0.015"/>
  <testcase name="rechazarFormatoA_segundoIntento_mantienEstadoRechazado" classname="co.unicauca.gestiontrabajogrado.domain.service.ProyectoGradoServiceTest" time="0.009"/>
  <testcase name="subirNuevaVersion_proyectoAprobado_lanzaExcepcion" classname="co.unicauca.gestiontrabajogrado.domain.service.ProyectoGradoServiceTest" time="0.012"/>
  <testcase name="subirNuevaVersion_argumentosNull_lanzaExcepciones" classname="co.unicauca.gestiontrabajogrado.domain.service.ProyectoGradoServiceTest" time="0.004"/>
  <testcase name="aprobarFormatoA_practicaProfesional_sinCarta_lanzaExcepcion" classname="co.unicauca.gestiontrabajogrado.domain.service.ProyectoGradoServiceTest" time="0.0"/>
  <testcase name="subirNuevaVersion_practicaProfesional_conCarta_ok" classname="co.unicauca.gestiontrabajogrado.domain.service.ProyectoGradoServiceTest" time="0.006"/>
  <testcase name="validarModalidadPracticaProfesional_archivoInvalido_retornaFalse" classname="co.unicauca.gestiontrabajogrado.domain.service.ProyectoGradoServiceTest" time="0.004"/>
  <testcase name="crearNuevoProyecto_archivoNull_lanzaExcepcion" classname="co.unicauca.gestiontrabajogrado.domain.service.ProyectoGradoServiceTest" time="0.005"/>
  <testcase name="crearNuevoProyecto_estudianteNoEsEstudiante_lanzaExcepcion" classname="co.unicauca.gestiontrabajogrado.domain.service.ProyectoGradoServiceTest" time="0.008"/>
  <testcase name="practicaProfesional_ok_guardaFormatoYCarta" classname="co.unicauca.gestiontrabajogrado.domain.service.ProyectoGradoServiceTest" time="0.008"/>
  <testcase name="crearNuevoProyecto_investigacionUnEstudiante_ok" classname="co.unicauca.gestiontrabajogrado.domain.service.ProyectoGradoServiceTest" time="0.0"/>
  <testcase name="validarModalidadPracticaProfesional_archivoImagen_retornaFalse" classname="co.unicauca.gestiontrabajogrado.domain.service.ProyectoGradoServiceTest" time="0.012"/>
  <testcase name="subirNuevaVersion_investigacion_ok" classname="co.unicauca.gestiontrabajogrado.domain.service.ProyectoGradoServiceTest" time="0.004"/>
  <testcase name="rechazarFormatoA_proyectoNoExiste_lanzaExcepcion" classname="co.unicauca.gestiontrabajogrado.domain.service.ProyectoGradoServiceTest" time="0.002"/>
  <testcase name="validarModalidadPracticaProfesional_archivoValido_retornaTrue" classname="co.unicauca.gestiontrabajogrado.domain.service.ProyectoGradoServiceTest" time="0.004"/>
  <testcase name="aprobarFormatoA_proyectoNoExiste_lanzaExcepcion" classname="co.unicauca.gestiontrabajogrado.domain.service.ProyectoGradoServiceTest" time="0.002"/>
  <testcase name="aprobarFormatoA_conObservacionesYEvaluador_guardaCorrectamente" classname="co.unicauca.gestiontrabajogrado.domain.service.ProyectoGradoServiceTest" time="0.014"/>
  <testcase name="crearNuevoProyecto_directorNoExiste_lanzaExcepcion" classname="co.unicauca.gestiontrabajogrado.domain.service.ProyectoGradoServiceTest" time="0.004"/>
  <testcase name="rechazarFormatoA_observacionesNull_seGuardaNull" classname="co.unicauca.gestiontrabajogrado.domain.service.ProyectoGradoServiceTest" time="0.005"/>
  <testcase name="crearNuevoProyecto_requestNull_lanzaExcepcion" classname="co.unicauca.gestiontrabajogrado.domain.service.ProyectoGradoServiceTest" time="0.006"/>
  <testcase name="crearNuevoProyecto_directorIdNull_lanzaExcepcion" classname="co.unicauca.gestiontrabajogrado.domain.service.ProyectoGradoServiceTest" time="0.002"/>
  <testcase name="rechazarFormatoA_primerIntento_cambiaEstadoArechazado" classname="co.unicauca.gestiontrabajogrado.domain.service.ProyectoGradoServiceTest" time="0.005"/>
  <testcase name="investigacion_conCeroEstudiantes_falla" classname="co.unicauca.gestiontrabajogrado.domain.service.ProyectoGradoServiceTest" time="0.006"/>
  <testcase name="subirNuevaVersion_practicaProfesional_sinCarta_lanzaExcepcion" classname="co.unicauca.gestiontrabajogrado.domain.service.ProyectoGradoServiceTest" time="0.004"/>
  <testcase name="practicaProfesional_cartaNoPdf_lanzaExcepcion" classname="co.unicauca.gestiontrabajogrado.domain.service.ProyectoGradoServiceTest" time="0.004"/>
  <testcase name="obtenerProyectosPorDocente_sinProyectos_retornaListaVacia" classname="co.unicauca.gestiontrabajogrado.domain.service.ProyectoGradoServiceTest" time="0.003"/>
  <testcase name="validarModalidadPracticaProfesional_archivoDocx_retornaFalse" classname="co.unicauca.gestiontrabajogrado.domain.service.ProyectoGradoServiceTest" time="0.002"/>
  <testcase name="aprobarFormatoA_practicaProfesional_conCarta_aprueba" classname="co.unicauca.gestiontrabajogrado.domain.service.ProyectoGradoServiceTest" time="0.004"/>
  <testcase name="validarModalidadPracticaProfesional_archivoNull_retornaFalse" classname="co.unicauca.gestiontrabajogrado.domain.service.ProyectoGradoServiceTest" time="0.003"/>
  <testcase name="crearNuevoProyecto_estudianteNoExiste_lanzaExcepcion" classname="co.unicauca.gestiontrabajogrado.domain.service.ProyectoGradoServiceTest" time="0.004"/>
  <testcase name="aprobarFormatoA_evaluadorIdNull_seGuardaNull" classname="co.unicauca.gestiontrabajogrado.domain.service.ProyectoGradoServiceTest" time="0.003"/>
  <testcase name="aprobarFormatoA_observacionesVacias_seGuardanVacias" classname="co.unicauca.gestiontrabajogrado.domain.service.ProyectoGradoServiceTest" time="0.004"/>
  <testcase name="rechazarFormatoA_formatoNoExiste_lanzaExcepcion" classname="co.unicauca.gestiontrabajogrado.domain.service.ProyectoGradoServiceTest" time="0.003"/>
  <testcase name="obtenerProyectosPorDocente_proyectosConDiferentesEstados_retornaTodos" classname="co.unicauca.gestiontrabajogrado.domain.service.ProyectoGradoServiceTest" time="0.004"/>
  <testcase name="obtenerProyectosPorDocente_conProyectos_retornaListaCompleta" classname="co.unicauca.gestiontrabajogrado.domain.service.ProyectoGradoServiceTest" time="0.004"/>
  <testcase name="obtenerProyectosPorDocente_verificarMapeoCompletoDTO" classname="co.unicauca.gestiontrabajogrado.domain.service.ProyectoGradoServiceTest" time="0.004"/>
  <testcase name="subirNuevaVersion_proyectoEnProcesoConVariosIntentos_lanzaExcepcion" classname="co.unicauca.gestiontrabajogrado.domain.service.ProyectoGradoServiceTest" time="0.003"/>
  <testcase name="roles_invalidos_falla" classname="co.unicauca.gestiontrabajogrado.domain.service.ProyectoGradoServiceTest" time="0.003"/>
  <testcase name="aprobarFormatoA_formatoNoExiste_lanzaExcepcion" classname="co.unicauca.gestiontrabajogrado.domain.service.ProyectoGradoServiceTest" time="0.003"/>
  <testcase name="subirNuevaVersion_proyectoRechazadoDefinitivo_lanzaExcepcion" classname="co.unicauca.gestiontrabajogrado.domain.service.ProyectoGradoServiceTest" time="0.003"/>
</testsuite>